[INFO] Scanning for projects...
[INFO] 
[INFO] -----------------------< com.devwonder:backend >------------------------
[INFO] Building backend 0.0.1-SNAPSHOT
[INFO]   from pom.xml
[INFO] --------------------------------[ jar ]---------------------------------
[INFO] 
[INFO] >>> spring-boot:3.4.3:run (default-cli) > test-compile @ backend >>>
[INFO] 
[INFO] --- resources:3.3.1:resources (default-resources) @ backend ---
[INFO] Copying 1 resource from src\main\resources to target\classes
[INFO] Copying 4 resources from src\main\resources to target\classes
[INFO] 
[INFO] --- compiler:3.13.0:compile (default-compile) @ backend ---
[INFO] Nothing to compile - all classes are up to date.
[INFO] 
[INFO] --- resources:3.3.1:testResources (default-testResources) @ backend ---
[INFO] Copying 1 resource from src\test\resources to target\test-classes
[INFO] 
[INFO] --- compiler:3.13.0:testCompile (default-testCompile) @ backend ---
[INFO] Nothing to compile - all classes are up to date.
[INFO] 
[INFO] <<< spring-boot:3.4.3:run (default-cli) < test-compile @ backend <<<
[INFO] 
[INFO] 
[INFO] --- spring-boot:3.4.3:run (default-cli) @ backend ---
[INFO] Attaching agents: []
Standard Commons Logging discovery in action with spring-jcl: please remove commons-logging.jar from classpath in order to avoid potential conflicts

  .   ____          _            __ _ _
 /\\ / ___'_ __ _ _(_)_ __  __ _ \ \ \ \
( ( )\___ | '_ | '_| | '_ \/ _` | \ \ \ \
 \\/  ___)| |_)| | | | | || (_| |  ) ) ) )
  '  |____| .__|_| |_|_| |_\__, | / / / /
 =========|_|==============|___/=/_/_/_/

 :: Spring Boot ::                (v3.4.3)

2026-03-13T17:57:22.025+07:00  INFO [,] 25676 --- [backend] [           main] c.devwonder.backend.BackendApplication   : Starting BackendApplication using Java 17.0.12 with PID 25676 (E:\Project\4thitek\backend\target\classes started by vomin in E:\Project\4thitek\backend)
2026-03-13T17:57:22.026+07:00  INFO [,] 25676 --- [backend] [           main] c.devwonder.backend.BackendApplication   : No active profile set, falling back to 1 default profile: "default"
2026-03-13T17:57:22.580+07:00  INFO [,] 25676 --- [backend] [           main] .s.d.r.c.RepositoryConfigurationDelegate : Multiple Spring Data modules found, entering strict repository configuration mode
2026-03-13T17:57:22.580+07:00  INFO [,] 25676 --- [backend] [           main] .s.d.r.c.RepositoryConfigurationDelegate : Bootstrapping Spring Data JPA repositories in DEFAULT mode.
2026-03-13T17:57:22.660+07:00  INFO [,] 25676 --- [backend] [           main] .s.d.r.c.RepositoryConfigurationDelegate : Finished Spring Data repository scanning in 76 ms. Found 19 JPA repository interfaces.
2026-03-13T17:57:23.102+07:00  INFO [,] 25676 --- [backend] [           main] o.s.b.w.embedded.tomcat.TomcatWebServer  : Tomcat initialized with port 8080 (http)
2026-03-13T17:57:23.102+07:00  INFO [,] 25676 --- [backend] [           main] o.apache.catalina.core.StandardService   : Starting service [Tomcat]
2026-03-13T17:57:23.102+07:00  INFO [,] 25676 --- [backend] [           main] o.apache.catalina.core.StandardEngine    : Starting Servlet engine: [Apache Tomcat/10.1.36]
2026-03-13T17:57:23.134+07:00  INFO [,] 25676 --- [backend] [           main] o.a.c.c.C.[Tomcat].[localhost].[/]       : Initializing Spring embedded WebApplicationContext
2026-03-13T17:57:23.134+07:00  INFO [,] 25676 --- [backend] [           main] w.s.c.ServletWebServerApplicationContext : Root WebApplicationContext: initialization completed in 1086 ms
Standard Commons Logging discovery in action with spring-jcl: please remove commons-logging.jar from classpath in order to avoid potential conflicts
2026-03-13T17:57:23.385+07:00  INFO [,] 25676 --- [backend] [           main] com.zaxxer.hikari.HikariDataSource       : HikariPool-1 - Starting...
2026-03-13T17:57:23.479+07:00  INFO [,] 25676 --- [backend] [           main] com.zaxxer.hikari.pool.HikariPool        : HikariPool-1 - Added connection conn0: url=jdbc:h2:mem:fourthitek user=SA
2026-03-13T17:57:23.479+07:00  INFO [,] 25676 --- [backend] [           main] com.zaxxer.hikari.HikariDataSource       : HikariPool-1 - Start completed.
2026-03-13T17:57:23.495+07:00  INFO [,] 25676 --- [backend] [           main] org.flywaydb.core.FlywayExecutor         : Database: jdbc:h2:mem:fourthitek (H2 2.3)
2026-03-13T17:57:23.510+07:00  WARN [,] 25676 --- [backend] [           main] o.f.c.internal.database.base.Database    : Flyway upgrade recommended: H2 2.3.232 is newer than this version of Flyway and support has not been tested. The latest supported version of H2 is 2.2.224.
2026-03-13T17:57:23.523+07:00  INFO [,] 25676 --- [backend] [           main] o.f.c.i.s.JdbcTableSchemaHistory         : Schema history table "public"."flyway_schema_history" does not exist yet
2026-03-13T17:57:23.523+07:00  INFO [,] 25676 --- [backend] [           main] o.f.core.internal.command.DbValidate     : Successfully validated 3 migrations (execution time 00:00.007s)
2026-03-13T17:57:23.526+07:00  INFO [,] 25676 --- [backend] [           main] o.f.c.i.s.JdbcTableSchemaHistory         : Creating Schema History table "public"."flyway_schema_history" ...
2026-03-13T17:57:23.542+07:00  INFO [,] 25676 --- [backend] [           main] o.f.core.internal.command.DbMigrate      : Current version of schema "public": << Empty Schema >>
2026-03-13T17:57:23.542+07:00  INFO [,] 25676 --- [backend] [           main] o.f.core.internal.command.DbMigrate      : Migrating schema "public" to version "1 - baseline"
2026-03-13T17:57:23.590+07:00  INFO [,] 25676 --- [backend] [           main] o.f.core.internal.command.DbMigrate      : Migrating schema "public" to version "2 - create audit logs"
2026-03-13T17:57:23.590+07:00  INFO [,] 25676 --- [backend] [           main] o.f.core.internal.command.DbMigrate      : Migrating schema "public" to version "3 - remove customer accounts"
2026-03-13T17:57:23.606+07:00  INFO [,] 25676 --- [backend] [           main] o.f.core.internal.command.DbMigrate      : Successfully applied 3 migrations to schema "public", now at version v3 (execution time 00:00.046s)
2026-03-13T17:57:23.654+07:00  INFO [,] 25676 --- [backend] [           main] o.hibernate.jpa.internal.util.LogHelper  : HHH000204: Processing PersistenceUnitInfo [name: default]
2026-03-13T17:57:23.670+07:00  INFO [,] 25676 --- [backend] [           main] org.hibernate.Version                    : HHH000412: Hibernate ORM core version 6.6.8.Final
2026-03-13T17:57:23.685+07:00  INFO [,] 25676 --- [backend] [           main] o.h.c.internal.RegionFactoryInitiator    : HHH000026: Second-level cache disabled
2026-03-13T17:57:23.796+07:00  INFO [,] 25676 --- [backend] [           main] o.s.o.j.p.SpringPersistenceUnitInfo      : No LoadTimeWeaver setup: ignoring JPA class transformer
2026-03-13T17:57:23.828+07:00  INFO [,] 25676 --- [backend] [           main] org.hibernate.orm.connections.pooling    : HHH10001005: Database info:
	Database JDBC URL [Connecting through datasource 'HikariDataSource (HikariPool-1)']
	Database driver: undefined/unknown
	Database version: 2.3.232
	Autocommit mode: undefined/unknown
	Isolation level: undefined/unknown
	Minimum pool size: undefined/unknown
	Maximum pool size: undefined/unknown
2026-03-13T17:57:24.506+07:00  INFO [,] 25676 --- [backend] [           main] o.h.e.t.j.p.i.JtaPlatformInitiator       : HHH000489: No JTA platform available (set 'hibernate.transaction.jta.platform' to enable JTA platform integration)
2026-03-13T17:57:24.506+07:00  INFO [,] 25676 --- [backend] [           main] j.LocalContainerEntityManagerFactoryBean : Initialized JPA EntityManagerFactory for persistence unit 'default'
2026-03-13T17:57:24.664+07:00  INFO [,] 25676 --- [backend] [           main] o.s.d.j.r.query.QueryEnhancerFactory     : Hibernate is in classpath; If applicable, HQL parser will be used.
2026-03-13T17:57:25.882+07:00  INFO [,] 25676 --- [backend] [           main] r$InitializeUserDetailsManagerConfigurer : Global AuthenticationManager configured with UserDetailsService bean with name ourUserDetailsService
2026-03-13T17:57:26.229+07:00  INFO [,] 25676 --- [backend] [           main] o.s.b.a.e.web.EndpointLinksResolver      : Exposing 2 endpoints beneath base path '/actuator'
2026-03-13T17:57:26.625+07:00  INFO [,] 25676 --- [backend] [           main] o.s.m.s.b.SimpleBrokerMessageHandler     : Starting...
2026-03-13T17:57:26.625+07:00  INFO [,] 25676 --- [backend] [           main] o.s.m.s.b.SimpleBrokerMessageHandler     : BrokerAvailabilityEvent[available=true, SimpleBrokerMessageHandler [org.springframework.messaging.simp.broker.DefaultSubscriptionRegistry@f1a776c]]
2026-03-13T17:57:26.625+07:00  INFO [,] 25676 --- [backend] [           main] o.s.m.s.b.SimpleBrokerMessageHandler     : Started.
2026-03-13T17:57:26.625+07:00  INFO [,] 25676 --- [backend] [           main] o.s.b.w.embedded.tomcat.TomcatWebServer  : Tomcat started on port 8080 (http) with context path '/'
2026-03-13T17:57:26.640+07:00  INFO [,] 25676 --- [backend] [           main] c.devwonder.backend.BackendApplication   : Started BackendApplication in 4.794 seconds (process running for 4.97)
2026-03-13T17:57:26.799+07:00  INFO [,] 25676 --- [backend] [           main] c.d.b.s.BootstrapSuperAdminInitializer   : Bootstrapped initial SUPER_ADMIN account for owner@4thitek.vn
2026-03-13T17:57:36.425+07:00  INFO [,] 25676 --- [backend] [nio-8080-exec-1] o.a.c.c.C.[Tomcat].[localhost].[/]       : Initializing Spring DispatcherServlet 'dispatcherServlet'
2026-03-13T17:57:36.439+07:00  INFO [,] 25676 --- [backend] [nio-8080-exec-1] o.s.web.servlet.DispatcherServlet        : Initializing Servlet 'dispatcherServlet'
2026-03-13T17:57:36.439+07:00  INFO [,] 25676 --- [backend] [nio-8080-exec-1] o.s.web.servlet.DispatcherServlet        : Completed initialization in 0 ms
2026-03-13T17:58:26.619+07:00  INFO [,] 25676 --- [backend] [MessageBroker-2] o.s.w.s.c.WebSocketMessageBrokerStats    : WebSocketSession[0 current WS(0)-HttpStream(0)-HttpPoll(0), 0 total, 0 closed abnormally (0 connect failure, 0 send limit, 0 transport error)], stompSubProtocol[processed CONNECT(0)-CONNECTED(0)-DISCONNECT(0)], stompBrokerRelay[null], inboundChannel[pool size = 0, active threads = 0, queued tasks = 0, completed tasks = 0], outboundChannel[pool size = 0, active threads = 0, queued tasks = 0, completed tasks = 0], sockJsScheduler[pool size = 3, active threads = 1, queued tasks = 1, completed tasks = 1]
2026-03-13T18:28:26.638+07:00  INFO [,] 25676 --- [backend] [MessageBroker-6] o.s.w.s.c.WebSocketMessageBrokerStats    : WebSocketSession[0 current WS(0)-HttpStream(0)-HttpPoll(0), 0 total, 0 closed abnormally (0 connect failure, 0 send limit, 0 transport error)], stompSubProtocol[processed CONNECT(0)-CONNECTED(0)-DISCONNECT(0)], stompBrokerRelay[null], inboundChannel[pool size = 0, active threads = 0, queued tasks = 0, completed tasks = 0], outboundChannel[pool size = 0, active threads = 0, queued tasks = 0, completed tasks = 0], sockJsScheduler[pool size = 10, active threads = 1, queued tasks = 1, completed tasks = 8]
2026-03-13T18:58:26.645+07:00  INFO [,] 25676 --- [backend] [essageBroker-10] o.s.w.s.c.WebSocketMessageBrokerStats    : WebSocketSession[0 current WS(0)-HttpStream(0)-HttpPoll(0), 0 total, 0 closed abnormally (0 connect failure, 0 send limit, 0 transport error)], stompSubProtocol[processed CONNECT(0)-CONNECTED(0)-DISCONNECT(0)], stompBrokerRelay[null], inboundChannel[pool size = 0, active threads = 0, queued tasks = 0, completed tasks = 0], outboundChannel[pool size = 0, active threads = 0, queued tasks = 0, completed tasks = 0], sockJsScheduler[pool size = 17, active threads = 1, queued tasks = 1, completed tasks = 15]
2026-03-13T19:28:26.572+07:00  INFO [,] 25676 --- [backend] [essageBroker-11] o.s.w.s.c.WebSocketMessageBrokerStats    : WebSocketSession[0 current WS(0)-HttpStream(0)-HttpPoll(0), 0 total, 0 closed abnormally (0 connect failure, 0 send limit, 0 transport error)], stompSubProtocol[processed CONNECT(0)-CONNECTED(0)-DISCONNECT(0)], stompBrokerRelay[null], inboundChannel[pool size = 0, active threads = 0, queued tasks = 0, completed tasks = 0], outboundChannel[pool size = 0, active threads = 0, queued tasks = 0, completed tasks = 0], sockJsScheduler[pool size = 20, active threads = 1, queued tasks = 1, completed tasks = 22]
