 ⨯ [Error: ENOENT: no such file or directory, open 'E:\Project\4thitek\main-fe\.next\server\app\page\app-build-manifest.json'] {
  errno: -4058,
  code: 'ENOENT',
  syscall: 'open',
  path: 'E:\\Project\\4thitek\\main-fe\\.next\\server\\app\\page\\app-build-manifest.json'
}
 ⨯ [Error: ENOENT: no such file or directory, open 'E:\Project\4thitek\main-fe\.next\static\development\_buildManifest.js.tmp.05n6hf3sifff'] {
  errno: -4058,
  code: 'ENOENT',
  syscall: 'open',
  path: 'E:\\Project\\4thitek\\main-fe\\.next\\static\\development\\_buildManifest.js.tmp.05n6hf3sifff'
}
[Error: ENOENT: no such file or directory, open 'E:\Project\4thitek\main-fe\.next\server\app\page\app-build-manifest.json'] {
  errno: -4058,
  code: 'ENOENT',
  syscall: 'open',
  path: 'E:\\Project\\4thitek\\main-fe\\.next\\server\\app\\page\\app-build-manifest.json'
}
 ⨯ [Error: ENOENT: no such file or directory, open 'E:\Project\4thitek\main-fe\.next\static\development\_buildManifest.js.tmp.j3uqlyjyjx'] {
  errno: -4058,
  code: 'ENOENT',
  syscall: 'open',
  path: 'E:\\Project\\4thitek\\main-fe\\.next\\static\\development\\_buildManifest.js.tmp.j3uqlyjyjx'
}
[Error: ENOENT: no such file or directory, open 'E:\Project\4thitek\main-fe\.next\static\development\_buildManifest.js.tmp.gqo2reppyn7'] {
  errno: -4058,
  code: 'ENOENT',
  syscall: 'open',
  path: 'E:\\Project\\4thitek\\main-fe\\.next\\static\\development\\_buildManifest.js.tmp.gqo2reppyn7'
}
 ⨯ [Error: ENOENT: no such file or directory, open 'E:\Project\4thitek\main-fe\.next\server\app\page\app-build-manifest.json'] {
  errno: -4058,
  code: 'ENOENT',
  syscall: 'open',
  path: 'E:\\Project\\4thitek\\main-fe\\.next\\server\\app\\page\\app-build-manifest.json'
}
 ⨯ [Error: ENOENT: no such file or directory, open 'E:\Project\4thitek\main-fe\.next\static\development\_buildManifest.js.tmp.xqf72s9c9eq'] {
  errno: -4058,
  code: 'ENOENT',
  syscall: 'open',
  path: 'E:\\Project\\4thitek\\main-fe\\.next\\static\\development\\_buildManifest.js.tmp.xqf72s9c9eq'
}
[Error: ENOENT: no such file or directory, open 'E:\Project\4thitek\main-fe\.next\server\app\page\app-build-manifest.json'] {
  errno: -4058,
  code: 'ENOENT',
  syscall: 'open',
  path: 'E:\\Project\\4thitek\\main-fe\\.next\\server\\app\\page\\app-build-manifest.json'
}
 ⨯ [Error: ENOENT: no such file or directory, open 'E:\Project\4thitek\main-fe\.next\static\development\_buildManifest.js.tmp.t5amhsttqno'] {
  errno: -4058,
  code: 'ENOENT',
  syscall: 'open',
  path: 'E:\\Project\\4thitek\\main-fe\\.next\\static\\development\\_buildManifest.js.tmp.t5amhsttqno'
}
[Error: ENOENT: no such file or directory, open 'E:\Project\4thitek\main-fe\.next\static\development\_buildManifest.js.tmp.jk8bgxknu0m'] {
  errno: -4058,
  code: 'ENOENT',
  syscall: 'open',
  path: 'E:\\Project\\4thitek\\main-fe\\.next\\static\\development\\_buildManifest.js.tmp.jk8bgxknu0m'
}
 ⨯ [Error: ENOENT: no such file or directory, open 'E:\Project\4thitek\main-fe\.next\static\development\_buildManifest.js.tmp.87a7jpcmj5j'] {
  errno: -4058,
  code: 'ENOENT',
  syscall: 'open',
  path: 'E:\\Project\\4thitek\\main-fe\\.next\\static\\development\\_buildManifest.js.tmp.87a7jpcmj5j'
}
 ⚠ Found a change in next.config.ts. Restarting the server to apply the changes...
^C